[0m2021.07.24 20:41:44 WARN  no build target for: D:\Projects\chat-sample\hive-chat-server\build.sbt[0m
[0m2021.07.24 20:41:57 INFO  no build target: using presentation compiler with only scala-library: 2.12.14[0m
[0m2021.07.24 20:41:57 WARN  no build target for: D:\Projects\chat-sample\hive-chat-server\build.sbt[0m
Jul 24, 2021 8:41:57 PM org.eclipse.lsp4j.jsonrpc.RemoteEndpoint handleCancellation
WARNING: Unmatched cancel notification for request id 13
Jul 24, 2021 8:41:57 PM org.eclipse.lsp4j.jsonrpc.RemoteEndpoint handleCancellation
WARNING: Unmatched cancel notification for request id 11
Jul 24, 2021 8:41:57 PM org.eclipse.lsp4j.jsonrpc.RemoteEndpoint handleCancellation
WARNING: Unmatched cancel notification for request id 10
[0m2021.07.24 20:41:59 INFO  time: code lens generation in 9.83s[0m
[0m2021.07.24 20:41:59 INFO  time: code lens generation in 13s[0m
[0m2021.07.24 20:41:59 INFO  time: code lens generation in 2.27s[0m
[0m2021.07.24 20:41:59 INFO  time: code lens generation in 2.21s[0m
[0m2021.07.24 20:41:59 INFO  time: code lens generation in 14s[0m
Exception in thread "pool-3-thread-1" java.lang.InterruptedException
	at scala.meta.internal.metals.FutureCancelToken.checkCanceled(FutureCancelToken.scala:29)
	at scala.meta.internal.pc.CompilerAccess.$anonfun$onCompilerJobQueue$1(CompilerAccess.scala:195)
	at scala.meta.internal.pc.CompilerJobQueue$Job.run(CompilerJobQueue.scala:139)
	at java.base/java.util.concurrent.ThreadPoolExecutor.runWorker(ThreadPoolExecutor.java:1128)
	at java.base/java.util.concurrent.ThreadPoolExecutor$Worker.run(ThreadPoolExecutor.java:628)
	at java.base/java.lang.Thread.run(Thread.java:829)
[0m2021.07.24 20:42:03 WARN  no build target for: D:\Projects\chat-sample\hive-chat-server\build.sbt[0m
[0m2021.07.24 20:50:41 WARN  no build target for: D:\Projects\chat-sample\hive-chat-server\build.sbt[0m
[0m2021.07.24 22:05:56 WARN  no build target for: D:\Projects\chat-sample\hive-chat-server\build.sbt[0m
Jul 24, 2021 10:05:56 PM org.eclipse.lsp4j.jsonrpc.RemoteEndpoint handleCancellation
WARNING: Unmatched cancel notification for request id 45
[0m2021.07.24 22:06:07 WARN  no build target for: D:\Projects\chat-sample\hive-chat-server\build.sbt[0m
Jul 24, 2021 10:06:22 PM org.eclipse.lsp4j.jsonrpc.RemoteEndpoint handleCancellation
WARNING: Unmatched cancel notification for request id 50
[0m2021.07.25 01:01:41 INFO  shutting down Metals[0m
